<?xml version="1.0" encoding="UTF-8"?>
<testsuite xmlns:xsi="http://www.w3.org/2001/XMLSchema-instance" xsi:noNamespaceSchemaLocation="https://maven.apache.org/surefire/maven-surefire-plugin/xsd/surefire-test-report.xsd" name="com.ElasticsearchApplicationTests" time="2.219" tests="1" errors="1" skipped="0" failures="0">
  <properties>
    <property name="sun.desktop" value="gnome"/>
    <property name="awt.toolkit" value="sun.awt.X11.XToolkit"/>
    <property name="java.specification.version" value="11"/>
    <property name="sun.cpu.isalist" value=""/>
    <property name="sun.jnu.encoding" value="UTF-8"/>
    <property name="java.class.path" value="/home/shiki/Desktop/elasticsearch -  learning/Elasticsearch/target/test-classes:/home/shiki/Desktop/elasticsearch -  learning/Elasticsearch/target/classes:/home/shiki/.m2/repository/org/springframework/boot/spring-boot-starter-data-elasticsearch/2.7.0/spring-boot-starter-data-elasticsearch-2.7.0.jar:/home/shiki/.m2/repository/org/springframework/boot/spring-boot-starter/2.7.0/spring-boot-starter-2.7.0.jar:/home/shiki/.m2/repository/org/springframework/boot/spring-boot-starter-logging/2.7.0/spring-boot-starter-logging-2.7.0.jar:/home/shiki/.m2/repository/ch/qos/logback/logback-classic/1.2.11/logback-classic-1.2.11.jar:/home/shiki/.m2/repository/ch/qos/logback/logback-core/1.2.11/logback-core-1.2.11.jar:/home/shiki/.m2/repository/org/apache/logging/log4j/log4j-to-slf4j/2.17.2/log4j-to-slf4j-2.17.2.jar:/home/shiki/.m2/repository/org/apache/logging/log4j/log4j-api/2.17.2/log4j-api-2.17.2.jar:/home/shiki/.m2/repository/org/slf4j/jul-to-slf4j/1.7.36/jul-to-slf4j-1.7.36.jar:/home/shiki/.m2/repository/jakarta/annotation/jakarta.annotation-api/1.3.5/jakarta.annotation-api-1.3.5.jar:/home/shiki/.m2/repository/org/yaml/snakeyaml/1.30/snakeyaml-1.30.jar:/home/shiki/.m2/repository/org/springframework/data/spring-data-elasticsearch/4.4.0/spring-data-elasticsearch-4.4.0.jar:/home/shiki/.m2/repository/org/springframework/spring-context/5.3.20/spring-context-5.3.20.jar:/home/shiki/.m2/repository/org/springframework/spring-tx/5.3.20/spring-tx-5.3.20.jar:/home/shiki/.m2/repository/org/springframework/data/spring-data-commons/2.7.0/spring-data-commons-2.7.0.jar:/home/shiki/.m2/repository/org/elasticsearch/client/elasticsearch-rest-high-level-client/7.17.3/elasticsearch-rest-high-level-client-7.17.3.jar:/home/shiki/.m2/repository/org/elasticsearch/elasticsearch/7.17.3/elasticsearch-7.17.3.jar:/home/shiki/.m2/repository/org/elasticsearch/elasticsearch-core/7.17.3/elasticsearch-core-7.17.3.jar:/home/shiki/.m2/repository/org/elasticsearch/elasticsearch-secure-sm/7.17.3/elasticsearch-secure-sm-7.17.3.jar:/home/shiki/.m2/repository/org/elasticsearch/elasticsearch-x-content/7.17.3/elasticsearch-x-content-7.17.3.jar:/home/shiki/.m2/repository/com/fasterxml/jackson/dataformat/jackson-dataformat-smile/2.13.3/jackson-dataformat-smile-2.13.3.jar:/home/shiki/.m2/repository/com/fasterxml/jackson/dataformat/jackson-dataformat-yaml/2.13.3/jackson-dataformat-yaml-2.13.3.jar:/home/shiki/.m2/repository/com/fasterxml/jackson/dataformat/jackson-dataformat-cbor/2.13.3/jackson-dataformat-cbor-2.13.3.jar:/home/shiki/.m2/repository/org/elasticsearch/elasticsearch-geo/7.17.3/elasticsearch-geo-7.17.3.jar:/home/shiki/.m2/repository/org/elasticsearch/elasticsearch-lz4/7.17.3/elasticsearch-lz4-7.17.3.jar:/home/shiki/.m2/repository/org/lz4/lz4-java/1.8.0/lz4-java-1.8.0.jar:/home/shiki/.m2/repository/org/apache/lucene/lucene-core/8.11.1/lucene-core-8.11.1.jar:/home/shiki/.m2/repository/org/apache/lucene/lucene-analyzers-common/8.11.1/lucene-analyzers-common-8.11.1.jar:/home/shiki/.m2/repository/org/apache/lucene/lucene-backward-codecs/8.11.1/lucene-backward-codecs-8.11.1.jar:/home/shiki/.m2/repository/org/apache/lucene/lucene-grouping/8.11.1/lucene-grouping-8.11.1.jar:/home/shiki/.m2/repository/org/apache/lucene/lucene-highlighter/8.11.1/lucene-highlighter-8.11.1.jar:/home/shiki/.m2/repository/org/apache/lucene/lucene-join/8.11.1/lucene-join-8.11.1.jar:/home/shiki/.m2/repository/org/apache/lucene/lucene-memory/8.11.1/lucene-memory-8.11.1.jar:/home/shiki/.m2/repository/org/apache/lucene/lucene-misc/8.11.1/lucene-misc-8.11.1.jar:/home/shiki/.m2/repository/org/apache/lucene/lucene-queries/8.11.1/lucene-queries-8.11.1.jar:/home/shiki/.m2/repository/org/apache/lucene/lucene-queryparser/8.11.1/lucene-queryparser-8.11.1.jar:/home/shiki/.m2/repository/org/apache/lucene/lucene-sandbox/8.11.1/lucene-sandbox-8.11.1.jar:/home/shiki/.m2/repository/org/apache/lucene/lucene-spatial3d/8.11.1/lucene-spatial3d-8.11.1.jar:/home/shiki/.m2/repository/org/apache/lucene/lucene-suggest/8.11.1/lucene-suggest-8.11.1.jar:/home/shiki/.m2/repository/org/elasticsearch/elasticsearch-cli/7.17.3/elasticsearch-cli-7.17.3.jar:/home/shiki/.m2/repository/net/sf/jopt-simple/jopt-simple/5.0.2/jopt-simple-5.0.2.jar:/home/shiki/.m2/repository/com/carrotsearch/hppc/0.8.1/hppc-0.8.1.jar:/home/shiki/.m2/repository/joda-time/joda-time/2.10.10/joda-time-2.10.10.jar:/home/shiki/.m2/repository/com/tdunning/t-digest/3.2/t-digest-3.2.jar:/home/shiki/.m2/repository/org/hdrhistogram/HdrHistogram/2.1.9/HdrHistogram-2.1.9.jar:/home/shiki/.m2/repository/net/java/dev/jna/jna/5.10.0/jna-5.10.0.jar:/home/shiki/.m2/repository/org/elasticsearch/elasticsearch-plugin-classloader/7.17.3/elasticsearch-plugin-classloader-7.17.3.jar:/home/shiki/.m2/repository/org/elasticsearch/plugin/mapper-extras-client/7.17.3/mapper-extras-client-7.17.3.jar:/home/shiki/.m2/repository/org/elasticsearch/plugin/parent-join-client/7.17.3/parent-join-client-7.17.3.jar:/home/shiki/.m2/repository/org/elasticsearch/plugin/aggs-matrix-stats-client/7.17.3/aggs-matrix-stats-client-7.17.3.jar:/home/shiki/.m2/repository/org/elasticsearch/plugin/rank-eval-client/7.17.3/rank-eval-client-7.17.3.jar:/home/shiki/.m2/repository/org/elasticsearch/plugin/lang-mustache-client/7.17.3/lang-mustache-client-7.17.3.jar:/home/shiki/.m2/repository/com/github/spullara/mustache/java/compiler/0.9.6/compiler-0.9.6.jar:/home/shiki/.m2/repository/co/elastic/clients/elasticsearch-java/7.17.3/elasticsearch-java-7.17.3.jar:/home/shiki/.m2/repository/com/google/code/findbugs/jsr305/3.0.2/jsr305-3.0.2.jar:/home/shiki/.m2/repository/jakarta/json/jakarta.json-api/1.1.6/jakarta.json-api-1.1.6.jar:/home/shiki/.m2/repository/org/eclipse/parsson/parsson/1.0.0/parsson-1.0.0.jar:/home/shiki/.m2/repository/org/elasticsearch/client/elasticsearch-rest-client/7.17.3/elasticsearch-rest-client-7.17.3.jar:/home/shiki/.m2/repository/org/apache/httpcomponents/httpclient/4.5.13/httpclient-4.5.13.jar:/home/shiki/.m2/repository/org/apache/httpcomponents/httpcore/4.4.15/httpcore-4.4.15.jar:/home/shiki/.m2/repository/org/apache/httpcomponents/httpasyncclient/4.1.5/httpasyncclient-4.1.5.jar:/home/shiki/.m2/repository/org/apache/httpcomponents/httpcore-nio/4.4.15/httpcore-nio-4.4.15.jar:/home/shiki/.m2/repository/commons-codec/commons-codec/1.15/commons-codec-1.15.jar:/home/shiki/.m2/repository/com/fasterxml/jackson/core/jackson-core/2.13.3/jackson-core-2.13.3.jar:/home/shiki/.m2/repository/com/fasterxml/jackson/core/jackson-databind/2.13.3/jackson-databind-2.13.3.jar:/home/shiki/.m2/repository/com/fasterxml/jackson/core/jackson-annotations/2.13.3/jackson-annotations-2.13.3.jar:/home/shiki/.m2/repository/org/slf4j/slf4j-api/1.7.36/slf4j-api-1.7.36.jar:/home/shiki/.m2/repository/org/springframework/boot/spring-boot-starter-data-jpa/2.7.0/spring-boot-starter-data-jpa-2.7.0.jar:/home/shiki/.m2/repository/org/springframework/boot/spring-boot-starter-aop/2.7.0/spring-boot-starter-aop-2.7.0.jar:/home/shiki/.m2/repository/org/springframework/spring-aop/5.3.20/spring-aop-5.3.20.jar:/home/shiki/.m2/repository/org/aspectj/aspectjweaver/1.9.7/aspectjweaver-1.9.7.jar:/home/shiki/.m2/repository/org/springframework/boot/spring-boot-starter-jdbc/2.7.0/spring-boot-starter-jdbc-2.7.0.jar:/home/shiki/.m2/repository/com/zaxxer/HikariCP/4.0.3/HikariCP-4.0.3.jar:/home/shiki/.m2/repository/org/springframework/spring-jdbc/5.3.20/spring-jdbc-5.3.20.jar:/home/shiki/.m2/repository/jakarta/transaction/jakarta.transaction-api/1.3.3/jakarta.transaction-api-1.3.3.jar:/home/shiki/.m2/repository/jakarta/persistence/jakarta.persistence-api/2.2.3/jakarta.persistence-api-2.2.3.jar:/home/shiki/.m2/repository/org/hibernate/hibernate-core/5.6.9.Final/hibernate-core-5.6.9.Final.jar:/home/shiki/.m2/repository/org/jboss/logging/jboss-logging/3.4.3.Final/jboss-logging-3.4.3.Final.jar:/home/shiki/.m2/repository/net/bytebuddy/byte-buddy/1.12.10/byte-buddy-1.12.10.jar:/home/shiki/.m2/repository/antlr/antlr/2.7.7/antlr-2.7.7.jar:/home/shiki/.m2/repository/org/jboss/jandex/2.4.2.Final/jandex-2.4.2.Final.jar:/home/shiki/.m2/repository/com/fasterxml/classmate/1.5.1/classmate-1.5.1.jar:/home/shiki/.m2/repository/org/hibernate/common/hibernate-commons-annotations/5.1.2.Final/hibernate-commons-annotations-5.1.2.Final.jar:/home/shiki/.m2/repository/org/glassfish/jaxb/jaxb-runtime/2.3.6/jaxb-runtime-2.3.6.jar:/home/shiki/.m2/repository/org/glassfish/jaxb/txw2/2.3.6/txw2-2.3.6.jar:/home/shiki/.m2/repository/com/sun/istack/istack-commons-runtime/3.0.12/istack-commons-runtime-3.0.12.jar:/home/shiki/.m2/repository/com/sun/activation/jakarta.activation/1.2.2/jakarta.activation-1.2.2.jar:/home/shiki/.m2/repository/org/springframework/data/spring-data-jpa/2.7.0/spring-data-jpa-2.7.0.jar:/home/shiki/.m2/repository/org/springframework/spring-orm/5.3.20/spring-orm-5.3.20.jar:/home/shiki/.m2/repository/org/springframework/spring-beans/5.3.20/spring-beans-5.3.20.jar:/home/shiki/.m2/repository/org/springframework/spring-aspects/5.3.20/spring-aspects-5.3.20.jar:/home/shiki/.m2/repository/org/springframework/boot/spring-boot-starter-web/2.7.0/spring-boot-starter-web-2.7.0.jar:/home/shiki/.m2/repository/org/springframework/boot/spring-boot-starter-json/2.7.0/spring-boot-starter-json-2.7.0.jar:/home/shiki/.m2/repository/com/fasterxml/jackson/datatype/jackson-datatype-jdk8/2.13.3/jackson-datatype-jdk8-2.13.3.jar:/home/shiki/.m2/repository/com/fasterxml/jackson/datatype/jackson-datatype-jsr310/2.13.3/jackson-datatype-jsr310-2.13.3.jar:/home/shiki/.m2/repository/com/fasterxml/jackson/module/jackson-module-parameter-names/2.13.3/jackson-module-parameter-names-2.13.3.jar:/home/shiki/.m2/repository/org/springframework/boot/spring-boot-starter-tomcat/2.7.0/spring-boot-starter-tomcat-2.7.0.jar:/home/shiki/.m2/repository/org/apache/tomcat/embed/tomcat-embed-core/9.0.63/tomcat-embed-core-9.0.63.jar:/home/shiki/.m2/repository/org/apache/tomcat/embed/tomcat-embed-el/9.0.63/tomcat-embed-el-9.0.63.jar:/home/shiki/.m2/repository/org/apache/tomcat/embed/tomcat-embed-websocket/9.0.63/tomcat-embed-websocket-9.0.63.jar:/home/shiki/.m2/repository/org/springframework/spring-web/5.3.20/spring-web-5.3.20.jar:/home/shiki/.m2/repository/org/springframework/spring-webmvc/5.3.20/spring-webmvc-5.3.20.jar:/home/shiki/.m2/repository/org/springframework/spring-expression/5.3.20/spring-expression-5.3.20.jar:/home/shiki/.m2/repository/org/springframework/boot/spring-boot-devtools/2.7.0/spring-boot-devtools-2.7.0.jar:/home/shiki/.m2/repository/org/springframework/boot/spring-boot/2.7.0/spring-boot-2.7.0.jar:/home/shiki/.m2/repository/org/springframework/boot/spring-boot-autoconfigure/2.7.0/spring-boot-autoconfigure-2.7.0.jar:/home/shiki/.m2/repository/mysql/mysql-connector-java/8.0.29/mysql-connector-java-8.0.29.jar:/home/shiki/.m2/repository/org/projectlombok/lombok/1.18.24/lombok-1.18.24.jar:/home/shiki/.m2/repository/org/springframework/boot/spring-boot-starter-test/2.7.0/spring-boot-starter-test-2.7.0.jar:/home/shiki/.m2/repository/org/springframework/boot/spring-boot-test/2.7.0/spring-boot-test-2.7.0.jar:/home/shiki/.m2/repository/org/springframework/boot/spring-boot-test-autoconfigure/2.7.0/spring-boot-test-autoconfigure-2.7.0.jar:/home/shiki/.m2/repository/com/jayway/jsonpath/json-path/2.7.0/json-path-2.7.0.jar:/home/shiki/.m2/repository/net/minidev/json-smart/2.4.8/json-smart-2.4.8.jar:/home/shiki/.m2/repository/net/minidev/accessors-smart/2.4.8/accessors-smart-2.4.8.jar:/home/shiki/.m2/repository/org/ow2/asm/asm/9.1/asm-9.1.jar:/home/shiki/.m2/repository/jakarta/xml/bind/jakarta.xml.bind-api/2.3.3/jakarta.xml.bind-api-2.3.3.jar:/home/shiki/.m2/repository/jakarta/activation/jakarta.activation-api/1.2.2/jakarta.activation-api-1.2.2.jar:/home/shiki/.m2/repository/org/assertj/assertj-core/3.22.0/assertj-core-3.22.0.jar:/home/shiki/.m2/repository/org/hamcrest/hamcrest/2.2/hamcrest-2.2.jar:/home/shiki/.m2/repository/org/junit/jupiter/junit-jupiter/5.8.2/junit-jupiter-5.8.2.jar:/home/shiki/.m2/repository/org/junit/jupiter/junit-jupiter-api/5.8.2/junit-jupiter-api-5.8.2.jar:/home/shiki/.m2/repository/org/opentest4j/opentest4j/1.2.0/opentest4j-1.2.0.jar:/home/shiki/.m2/repository/org/junit/platform/junit-platform-commons/1.8.2/junit-platform-commons-1.8.2.jar:/home/shiki/.m2/repository/org/apiguardian/apiguardian-api/1.1.2/apiguardian-api-1.1.2.jar:/home/shiki/.m2/repository/org/junit/jupiter/junit-jupiter-params/5.8.2/junit-jupiter-params-5.8.2.jar:/home/shiki/.m2/repository/org/junit/jupiter/junit-jupiter-engine/5.8.2/junit-jupiter-engine-5.8.2.jar:/home/shiki/.m2/repository/org/junit/platform/junit-platform-engine/1.8.2/junit-platform-engine-1.8.2.jar:/home/shiki/.m2/repository/org/mockito/mockito-core/4.5.1/mockito-core-4.5.1.jar:/home/shiki/.m2/repository/net/bytebuddy/byte-buddy-agent/1.12.10/byte-buddy-agent-1.12.10.jar:/home/shiki/.m2/repository/org/objenesis/objenesis/3.2/objenesis-3.2.jar:/home/shiki/.m2/repository/org/mockito/mockito-junit-jupiter/4.5.1/mockito-junit-jupiter-4.5.1.jar:/home/shiki/.m2/repository/org/skyscreamer/jsonassert/1.5.0/jsonassert-1.5.0.jar:/home/shiki/.m2/repository/com/vaadin/external/google/android-json/0.0.20131108.vaadin1/android-json-0.0.20131108.vaadin1.jar:/home/shiki/.m2/repository/org/springframework/spring-core/5.3.20/spring-core-5.3.20.jar:/home/shiki/.m2/repository/org/springframework/spring-jcl/5.3.20/spring-jcl-5.3.20.jar:/home/shiki/.m2/repository/org/springframework/spring-test/5.3.20/spring-test-5.3.20.jar:/home/shiki/.m2/repository/org/xmlunit/xmlunit-core/2.9.0/xmlunit-core-2.9.0.jar:"/>
    <property name="java.vm.vendor" value="Private Build"/>
    <property name="sun.arch.data.model" value="64"/>
    <property name="java.vendor.url" value="Unknown"/>
    <property name="user.timezone" value=""/>
    <property name="java.vm.specification.version" value="11"/>
    <property name="os.name" value="Linux"/>
    <property name="sun.java.launcher" value="SUN_STANDARD"/>
    <property name="user.country" value="US"/>
    <property name="sun.boot.library.path" value="/usr/lib/jvm/java-11-openjdk-amd64/lib"/>
    <property name="sun.java.command" value="/home/shiki/Desktop/elasticsearch -  learning/Elasticsearch/target/surefire/surefirebooter9314642001392929092.jar /home/shiki/Desktop/elasticsearch -  learning/Elasticsearch/target/surefire 2022-06-17T07-26-27_349-jvmRun1 surefire1147735590000346324tmp surefire_017991401613727229103tmp"/>
    <property name="jdk.debug" value="release"/>
    <property name="surefire.test.class.path" value="/home/shiki/Desktop/elasticsearch -  learning/Elasticsearch/target/test-classes:/home/shiki/Desktop/elasticsearch -  learning/Elasticsearch/target/classes:/home/shiki/.m2/repository/org/springframework/boot/spring-boot-starter-data-elasticsearch/2.7.0/spring-boot-starter-data-elasticsearch-2.7.0.jar:/home/shiki/.m2/repository/org/springframework/boot/spring-boot-starter/2.7.0/spring-boot-starter-2.7.0.jar:/home/shiki/.m2/repository/org/springframework/boot/spring-boot-starter-logging/2.7.0/spring-boot-starter-logging-2.7.0.jar:/home/shiki/.m2/repository/ch/qos/logback/logback-classic/1.2.11/logback-classic-1.2.11.jar:/home/shiki/.m2/repository/ch/qos/logback/logback-core/1.2.11/logback-core-1.2.11.jar:/home/shiki/.m2/repository/org/apache/logging/log4j/log4j-to-slf4j/2.17.2/log4j-to-slf4j-2.17.2.jar:/home/shiki/.m2/repository/org/apache/logging/log4j/log4j-api/2.17.2/log4j-api-2.17.2.jar:/home/shiki/.m2/repository/org/slf4j/jul-to-slf4j/1.7.36/jul-to-slf4j-1.7.36.jar:/home/shiki/.m2/repository/jakarta/annotation/jakarta.annotation-api/1.3.5/jakarta.annotation-api-1.3.5.jar:/home/shiki/.m2/repository/org/yaml/snakeyaml/1.30/snakeyaml-1.30.jar:/home/shiki/.m2/repository/org/springframework/data/spring-data-elasticsearch/4.4.0/spring-data-elasticsearch-4.4.0.jar:/home/shiki/.m2/repository/org/springframework/spring-context/5.3.20/spring-context-5.3.20.jar:/home/shiki/.m2/repository/org/springframework/spring-tx/5.3.20/spring-tx-5.3.20.jar:/home/shiki/.m2/repository/org/springframework/data/spring-data-commons/2.7.0/spring-data-commons-2.7.0.jar:/home/shiki/.m2/repository/org/elasticsearch/client/elasticsearch-rest-high-level-client/7.17.3/elasticsearch-rest-high-level-client-7.17.3.jar:/home/shiki/.m2/repository/org/elasticsearch/elasticsearch/7.17.3/elasticsearch-7.17.3.jar:/home/shiki/.m2/repository/org/elasticsearch/elasticsearch-core/7.17.3/elasticsearch-core-7.17.3.jar:/home/shiki/.m2/repository/org/elasticsearch/elasticsearch-secure-sm/7.17.3/elasticsearch-secure-sm-7.17.3.jar:/home/shiki/.m2/repository/org/elasticsearch/elasticsearch-x-content/7.17.3/elasticsearch-x-content-7.17.3.jar:/home/shiki/.m2/repository/com/fasterxml/jackson/dataformat/jackson-dataformat-smile/2.13.3/jackson-dataformat-smile-2.13.3.jar:/home/shiki/.m2/repository/com/fasterxml/jackson/dataformat/jackson-dataformat-yaml/2.13.3/jackson-dataformat-yaml-2.13.3.jar:/home/shiki/.m2/repository/com/fasterxml/jackson/dataformat/jackson-dataformat-cbor/2.13.3/jackson-dataformat-cbor-2.13.3.jar:/home/shiki/.m2/repository/org/elasticsearch/elasticsearch-geo/7.17.3/elasticsearch-geo-7.17.3.jar:/home/shiki/.m2/repository/org/elasticsearch/elasticsearch-lz4/7.17.3/elasticsearch-lz4-7.17.3.jar:/home/shiki/.m2/repository/org/lz4/lz4-java/1.8.0/lz4-java-1.8.0.jar:/home/shiki/.m2/repository/org/apache/lucene/lucene-core/8.11.1/lucene-core-8.11.1.jar:/home/shiki/.m2/repository/org/apache/lucene/lucene-analyzers-common/8.11.1/lucene-analyzers-common-8.11.1.jar:/home/shiki/.m2/repository/org/apache/lucene/lucene-backward-codecs/8.11.1/lucene-backward-codecs-8.11.1.jar:/home/shiki/.m2/repository/org/apache/lucene/lucene-grouping/8.11.1/lucene-grouping-8.11.1.jar:/home/shiki/.m2/repository/org/apache/lucene/lucene-highlighter/8.11.1/lucene-highlighter-8.11.1.jar:/home/shiki/.m2/repository/org/apache/lucene/lucene-join/8.11.1/lucene-join-8.11.1.jar:/home/shiki/.m2/repository/org/apache/lucene/lucene-memory/8.11.1/lucene-memory-8.11.1.jar:/home/shiki/.m2/repository/org/apache/lucene/lucene-misc/8.11.1/lucene-misc-8.11.1.jar:/home/shiki/.m2/repository/org/apache/lucene/lucene-queries/8.11.1/lucene-queries-8.11.1.jar:/home/shiki/.m2/repository/org/apache/lucene/lucene-queryparser/8.11.1/lucene-queryparser-8.11.1.jar:/home/shiki/.m2/repository/org/apache/lucene/lucene-sandbox/8.11.1/lucene-sandbox-8.11.1.jar:/home/shiki/.m2/repository/org/apache/lucene/lucene-spatial3d/8.11.1/lucene-spatial3d-8.11.1.jar:/home/shiki/.m2/repository/org/apache/lucene/lucene-suggest/8.11.1/lucene-suggest-8.11.1.jar:/home/shiki/.m2/repository/org/elasticsearch/elasticsearch-cli/7.17.3/elasticsearch-cli-7.17.3.jar:/home/shiki/.m2/repository/net/sf/jopt-simple/jopt-simple/5.0.2/jopt-simple-5.0.2.jar:/home/shiki/.m2/repository/com/carrotsearch/hppc/0.8.1/hppc-0.8.1.jar:/home/shiki/.m2/repository/joda-time/joda-time/2.10.10/joda-time-2.10.10.jar:/home/shiki/.m2/repository/com/tdunning/t-digest/3.2/t-digest-3.2.jar:/home/shiki/.m2/repository/org/hdrhistogram/HdrHistogram/2.1.9/HdrHistogram-2.1.9.jar:/home/shiki/.m2/repository/net/java/dev/jna/jna/5.10.0/jna-5.10.0.jar:/home/shiki/.m2/repository/org/elasticsearch/elasticsearch-plugin-classloader/7.17.3/elasticsearch-plugin-classloader-7.17.3.jar:/home/shiki/.m2/repository/org/elasticsearch/plugin/mapper-extras-client/7.17.3/mapper-extras-client-7.17.3.jar:/home/shiki/.m2/repository/org/elasticsearch/plugin/parent-join-client/7.17.3/parent-join-client-7.17.3.jar:/home/shiki/.m2/repository/org/elasticsearch/plugin/aggs-matrix-stats-client/7.17.3/aggs-matrix-stats-client-7.17.3.jar:/home/shiki/.m2/repository/org/elasticsearch/plugin/rank-eval-client/7.17.3/rank-eval-client-7.17.3.jar:/home/shiki/.m2/repository/org/elasticsearch/plugin/lang-mustache-client/7.17.3/lang-mustache-client-7.17.3.jar:/home/shiki/.m2/repository/com/github/spullara/mustache/java/compiler/0.9.6/compiler-0.9.6.jar:/home/shiki/.m2/repository/co/elastic/clients/elasticsearch-java/7.17.3/elasticsearch-java-7.17.3.jar:/home/shiki/.m2/repository/com/google/code/findbugs/jsr305/3.0.2/jsr305-3.0.2.jar:/home/shiki/.m2/repository/jakarta/json/jakarta.json-api/1.1.6/jakarta.json-api-1.1.6.jar:/home/shiki/.m2/repository/org/eclipse/parsson/parsson/1.0.0/parsson-1.0.0.jar:/home/shiki/.m2/repository/org/elasticsearch/client/elasticsearch-rest-client/7.17.3/elasticsearch-rest-client-7.17.3.jar:/home/shiki/.m2/repository/org/apache/httpcomponents/httpclient/4.5.13/httpclient-4.5.13.jar:/home/shiki/.m2/repository/org/apache/httpcomponents/httpcore/4.4.15/httpcore-4.4.15.jar:/home/shiki/.m2/repository/org/apache/httpcomponents/httpasyncclient/4.1.5/httpasyncclient-4.1.5.jar:/home/shiki/.m2/repository/org/apache/httpcomponents/httpcore-nio/4.4.15/httpcore-nio-4.4.15.jar:/home/shiki/.m2/repository/commons-codec/commons-codec/1.15/commons-codec-1.15.jar:/home/shiki/.m2/repository/com/fasterxml/jackson/core/jackson-core/2.13.3/jackson-core-2.13.3.jar:/home/shiki/.m2/repository/com/fasterxml/jackson/core/jackson-databind/2.13.3/jackson-databind-2.13.3.jar:/home/shiki/.m2/repository/com/fasterxml/jackson/core/jackson-annotations/2.13.3/jackson-annotations-2.13.3.jar:/home/shiki/.m2/repository/org/slf4j/slf4j-api/1.7.36/slf4j-api-1.7.36.jar:/home/shiki/.m2/repository/org/springframework/boot/spring-boot-starter-data-jpa/2.7.0/spring-boot-starter-data-jpa-2.7.0.jar:/home/shiki/.m2/repository/org/springframework/boot/spring-boot-starter-aop/2.7.0/spring-boot-starter-aop-2.7.0.jar:/home/shiki/.m2/repository/org/springframework/spring-aop/5.3.20/spring-aop-5.3.20.jar:/home/shiki/.m2/repository/org/aspectj/aspectjweaver/1.9.7/aspectjweaver-1.9.7.jar:/home/shiki/.m2/repository/org/springframework/boot/spring-boot-starter-jdbc/2.7.0/spring-boot-starter-jdbc-2.7.0.jar:/home/shiki/.m2/repository/com/zaxxer/HikariCP/4.0.3/HikariCP-4.0.3.jar:/home/shiki/.m2/repository/org/springframework/spring-jdbc/5.3.20/spring-jdbc-5.3.20.jar:/home/shiki/.m2/repository/jakarta/transaction/jakarta.transaction-api/1.3.3/jakarta.transaction-api-1.3.3.jar:/home/shiki/.m2/repository/jakarta/persistence/jakarta.persistence-api/2.2.3/jakarta.persistence-api-2.2.3.jar:/home/shiki/.m2/repository/org/hibernate/hibernate-core/5.6.9.Final/hibernate-core-5.6.9.Final.jar:/home/shiki/.m2/repository/org/jboss/logging/jboss-logging/3.4.3.Final/jboss-logging-3.4.3.Final.jar:/home/shiki/.m2/repository/net/bytebuddy/byte-buddy/1.12.10/byte-buddy-1.12.10.jar:/home/shiki/.m2/repository/antlr/antlr/2.7.7/antlr-2.7.7.jar:/home/shiki/.m2/repository/org/jboss/jandex/2.4.2.Final/jandex-2.4.2.Final.jar:/home/shiki/.m2/repository/com/fasterxml/classmate/1.5.1/classmate-1.5.1.jar:/home/shiki/.m2/repository/org/hibernate/common/hibernate-commons-annotations/5.1.2.Final/hibernate-commons-annotations-5.1.2.Final.jar:/home/shiki/.m2/repository/org/glassfish/jaxb/jaxb-runtime/2.3.6/jaxb-runtime-2.3.6.jar:/home/shiki/.m2/repository/org/glassfish/jaxb/txw2/2.3.6/txw2-2.3.6.jar:/home/shiki/.m2/repository/com/sun/istack/istack-commons-runtime/3.0.12/istack-commons-runtime-3.0.12.jar:/home/shiki/.m2/repository/com/sun/activation/jakarta.activation/1.2.2/jakarta.activation-1.2.2.jar:/home/shiki/.m2/repository/org/springframework/data/spring-data-jpa/2.7.0/spring-data-jpa-2.7.0.jar:/home/shiki/.m2/repository/org/springframework/spring-orm/5.3.20/spring-orm-5.3.20.jar:/home/shiki/.m2/repository/org/springframework/spring-beans/5.3.20/spring-beans-5.3.20.jar:/home/shiki/.m2/repository/org/springframework/spring-aspects/5.3.20/spring-aspects-5.3.20.jar:/home/shiki/.m2/repository/org/springframework/boot/spring-boot-starter-web/2.7.0/spring-boot-starter-web-2.7.0.jar:/home/shiki/.m2/repository/org/springframework/boot/spring-boot-starter-json/2.7.0/spring-boot-starter-json-2.7.0.jar:/home/shiki/.m2/repository/com/fasterxml/jackson/datatype/jackson-datatype-jdk8/2.13.3/jackson-datatype-jdk8-2.13.3.jar:/home/shiki/.m2/repository/com/fasterxml/jackson/datatype/jackson-datatype-jsr310/2.13.3/jackson-datatype-jsr310-2.13.3.jar:/home/shiki/.m2/repository/com/fasterxml/jackson/module/jackson-module-parameter-names/2.13.3/jackson-module-parameter-names-2.13.3.jar:/home/shiki/.m2/repository/org/springframework/boot/spring-boot-starter-tomcat/2.7.0/spring-boot-starter-tomcat-2.7.0.jar:/home/shiki/.m2/repository/org/apache/tomcat/embed/tomcat-embed-core/9.0.63/tomcat-embed-core-9.0.63.jar:/home/shiki/.m2/repository/org/apache/tomcat/embed/tomcat-embed-el/9.0.63/tomcat-embed-el-9.0.63.jar:/home/shiki/.m2/repository/org/apache/tomcat/embed/tomcat-embed-websocket/9.0.63/tomcat-embed-websocket-9.0.63.jar:/home/shiki/.m2/repository/org/springframework/spring-web/5.3.20/spring-web-5.3.20.jar:/home/shiki/.m2/repository/org/springframework/spring-webmvc/5.3.20/spring-webmvc-5.3.20.jar:/home/shiki/.m2/repository/org/springframework/spring-expression/5.3.20/spring-expression-5.3.20.jar:/home/shiki/.m2/repository/org/springframework/boot/spring-boot-devtools/2.7.0/spring-boot-devtools-2.7.0.jar:/home/shiki/.m2/repository/org/springframework/boot/spring-boot/2.7.0/spring-boot-2.7.0.jar:/home/shiki/.m2/repository/org/springframework/boot/spring-boot-autoconfigure/2.7.0/spring-boot-autoconfigure-2.7.0.jar:/home/shiki/.m2/repository/mysql/mysql-connector-java/8.0.29/mysql-connector-java-8.0.29.jar:/home/shiki/.m2/repository/org/projectlombok/lombok/1.18.24/lombok-1.18.24.jar:/home/shiki/.m2/repository/org/springframework/boot/spring-boot-starter-test/2.7.0/spring-boot-starter-test-2.7.0.jar:/home/shiki/.m2/repository/org/springframework/boot/spring-boot-test/2.7.0/spring-boot-test-2.7.0.jar:/home/shiki/.m2/repository/org/springframework/boot/spring-boot-test-autoconfigure/2.7.0/spring-boot-test-autoconfigure-2.7.0.jar:/home/shiki/.m2/repository/com/jayway/jsonpath/json-path/2.7.0/json-path-2.7.0.jar:/home/shiki/.m2/repository/net/minidev/json-smart/2.4.8/json-smart-2.4.8.jar:/home/shiki/.m2/repository/net/minidev/accessors-smart/2.4.8/accessors-smart-2.4.8.jar:/home/shiki/.m2/repository/org/ow2/asm/asm/9.1/asm-9.1.jar:/home/shiki/.m2/repository/jakarta/xml/bind/jakarta.xml.bind-api/2.3.3/jakarta.xml.bind-api-2.3.3.jar:/home/shiki/.m2/repository/jakarta/activation/jakarta.activation-api/1.2.2/jakarta.activation-api-1.2.2.jar:/home/shiki/.m2/repository/org/assertj/assertj-core/3.22.0/assertj-core-3.22.0.jar:/home/shiki/.m2/repository/org/hamcrest/hamcrest/2.2/hamcrest-2.2.jar:/home/shiki/.m2/repository/org/junit/jupiter/junit-jupiter/5.8.2/junit-jupiter-5.8.2.jar:/home/shiki/.m2/repository/org/junit/jupiter/junit-jupiter-api/5.8.2/junit-jupiter-api-5.8.2.jar:/home/shiki/.m2/repository/org/opentest4j/opentest4j/1.2.0/opentest4j-1.2.0.jar:/home/shiki/.m2/repository/org/junit/platform/junit-platform-commons/1.8.2/junit-platform-commons-1.8.2.jar:/home/shiki/.m2/repository/org/apiguardian/apiguardian-api/1.1.2/apiguardian-api-1.1.2.jar:/home/shiki/.m2/repository/org/junit/jupiter/junit-jupiter-params/5.8.2/junit-jupiter-params-5.8.2.jar:/home/shiki/.m2/repository/org/junit/jupiter/junit-jupiter-engine/5.8.2/junit-jupiter-engine-5.8.2.jar:/home/shiki/.m2/repository/org/junit/platform/junit-platform-engine/1.8.2/junit-platform-engine-1.8.2.jar:/home/shiki/.m2/repository/org/mockito/mockito-core/4.5.1/mockito-core-4.5.1.jar:/home/shiki/.m2/repository/net/bytebuddy/byte-buddy-agent/1.12.10/byte-buddy-agent-1.12.10.jar:/home/shiki/.m2/repository/org/objenesis/objenesis/3.2/objenesis-3.2.jar:/home/shiki/.m2/repository/org/mockito/mockito-junit-jupiter/4.5.1/mockito-junit-jupiter-4.5.1.jar:/home/shiki/.m2/repository/org/skyscreamer/jsonassert/1.5.0/jsonassert-1.5.0.jar:/home/shiki/.m2/repository/com/vaadin/external/google/android-json/0.0.20131108.vaadin1/android-json-0.0.20131108.vaadin1.jar:/home/shiki/.m2/repository/org/springframework/spring-core/5.3.20/spring-core-5.3.20.jar:/home/shiki/.m2/repository/org/springframework/spring-jcl/5.3.20/spring-jcl-5.3.20.jar:/home/shiki/.m2/repository/org/springframework/spring-test/5.3.20/spring-test-5.3.20.jar:/home/shiki/.m2/repository/org/xmlunit/xmlunit-core/2.9.0/xmlunit-core-2.9.0.jar:"/>
    <property name="sun.cpu.endian" value="little"/>
    <property name="user.home" value="/home/shiki"/>
    <property name="user.language" value="en"/>
    <property name="java.specification.vendor" value="Oracle Corporation"/>
    <property name="java.version.date" value="2022-04-19"/>
    <property name="java.home" value="/usr/lib/jvm/java-11-openjdk-amd64"/>
    <property name="file.separator" value="/"/>
    <property name="basedir" value="/home/shiki/Desktop/elasticsearch -  learning/Elasticsearch"/>
    <property name="java.vm.compressedOopsMode" value="Zero based"/>
    <property name="line.separator" value="&#10;"/>
    <property name="java.specification.name" value="Java Platform API Specification"/>
    <property name="java.vm.specification.vendor" value="Oracle Corporation"/>
    <property name="java.awt.graphicsenv" value="sun.awt.X11GraphicsEnvironment"/>
    <property name="surefire.real.class.path" value="/home/shiki/Desktop/elasticsearch -  learning/Elasticsearch/target/surefire/surefirebooter9314642001392929092.jar"/>
    <property name="sun.management.compiler" value="HotSpot 64-Bit Tiered Compilers"/>
    <property name="java.runtime.version" value="11.0.15+10-Ubuntu-0ubuntu0.20.04.1"/>
    <property name="user.name" value="shiki"/>
    <property name="path.separator" value=":"/>
    <property name="os.version" value="5.13.0-48-generic"/>
    <property name="java.runtime.name" value="OpenJDK Runtime Environment"/>
    <property name="file.encoding" value="UTF-8"/>
    <property name="java.vm.name" value="OpenJDK 64-Bit Server VM"/>
    <property name="localRepository" value="/home/shiki/.m2/repository"/>
    <property name="java.vendor.url.bug" value="Unknown"/>
    <property name="java.io.tmpdir" value="/tmp"/>
    <property name="java.version" value="11.0.15"/>
    <property name="user.dir" value="/home/shiki/Desktop/elasticsearch -  learning/Elasticsearch"/>
    <property name="os.arch" value="amd64"/>
    <property name="java.vm.specification.name" value="Java Virtual Machine Specification"/>
    <property name="java.awt.printerjob" value="sun.print.PSPrinterJob"/>
    <property name="sun.os.patch.level" value="unknown"/>
    <property name="java.library.path" value="/usr/java/packages/lib:/usr/lib/x86_64-linux-gnu/jni:/lib/x86_64-linux-gnu:/usr/lib/x86_64-linux-gnu:/usr/lib/jni:/lib:/usr/lib"/>
    <property name="java.vm.info" value="mixed mode, sharing"/>
    <property name="java.vendor" value="Private Build"/>
    <property name="java.vm.version" value="11.0.15+10-Ubuntu-0ubuntu0.20.04.1"/>
    <property name="sun.io.unicode.encoding" value="UnicodeLittle"/>
    <property name="java.class.version" value="55.0"/>
  </properties>
  <testcase name="com.ElasticsearchApplicationTests" classname="com.ElasticsearchApplicationTests" time="2.209">
    <error message="Unable to find a @SpringBootConfiguration, you need to use @ContextConfiguration or @SpringBootTest(classes=...) with your test" type="java.lang.IllegalStateException">java.lang.IllegalStateException: Unable to find a @SpringBootConfiguration, you need to use @ContextConfiguration or @SpringBootTest(classes=...) with your test
</error>
    <system-out><![CDATA[07:26:31.073 [main] DEBUG org.springframework.test.context.BootstrapUtils - Instantiating CacheAwareContextLoaderDelegate from class [org.springframework.test.context.cache.DefaultCacheAwareContextLoaderDelegate]
07:26:31.152 [main] DEBUG org.springframework.test.context.BootstrapUtils - Instantiating BootstrapContext using constructor [public org.springframework.test.context.support.DefaultBootstrapContext(java.lang.Class,org.springframework.test.context.CacheAwareContextLoaderDelegate)]
07:26:31.450 [main] DEBUG org.springframework.test.context.BootstrapUtils - Instantiating TestContextBootstrapper for test class [com.ElasticsearchApplicationTests] from class [org.springframework.boot.test.context.SpringBootTestContextBootstrapper]
07:26:31.551 [main] INFO org.springframework.boot.test.context.SpringBootTestContextBootstrapper - Neither @ContextConfiguration nor @ContextHierarchy found for test class [com.ElasticsearchApplicationTests], using SpringBootContextLoader
07:26:31.589 [main] DEBUG org.springframework.test.context.support.AbstractContextLoader - Did not detect default resource location for test class [com.ElasticsearchApplicationTests]: class path resource [com/ElasticsearchApplicationTests-context.xml] does not exist
07:26:31.596 [main] DEBUG org.springframework.test.context.support.AbstractContextLoader - Did not detect default resource location for test class [com.ElasticsearchApplicationTests]: class path resource [com/ElasticsearchApplicationTestsContext.groovy] does not exist
07:26:31.599 [main] INFO org.springframework.test.context.support.AbstractContextLoader - Could not detect default resource locations for test class [com.ElasticsearchApplicationTests]: no resource found for suffixes {-context.xml, Context.groovy}.
07:26:31.606 [main] INFO org.springframework.test.context.support.AnnotationConfigContextLoaderUtils - Could not detect default configuration classes for test class [com.ElasticsearchApplicationTests]: ElasticsearchApplicationTests does not declare any static, non-private, non-final, nested classes annotated with @Configuration.
07:26:32.057 [main] DEBUG org.springframework.test.context.support.ActiveProfilesUtils - Could not find an 'annotation declaring class' for annotation type [org.springframework.test.context.ActiveProfiles] and class [com.ElasticsearchApplicationTests]
]]></system-out>
  </testcase>
</testsuite>